This is pdfTeX, Version 3.14159265-2.6-1.40.20 (TeX Live 2019) (preloaded format=pdflatex 2019.10.27)  4 NOV 2019 11:24
entering extended mode
 restricted \write18 enabled.
 file:line:error style messages enabled.
 %&-line parsing enabled.
**cns1Report.tex
(./cns1Report.tex
LaTeX2e <2018-12-01>
(/usr/local/texlive/2019/texmf-dist/tex/latex/base/article.cls
Document Class: article 2018/09/03 v1.4i Standard LaTeX document class
(/usr/local/texlive/2019/texmf-dist/tex/latex/base/size10.clo
File: size10.clo 2018/09/03 v1.4i Standard LaTeX file (size option)
)
\c@part=\count80
\c@section=\count81
\c@subsection=\count82
\c@subsubsection=\count83
\c@paragraph=\count84
\c@subparagraph=\count85
\c@figure=\count86
\c@table=\count87
\abovecaptionskip=\skip41
\belowcaptionskip=\skip42
\bibindent=\dimen102
)
(/usr/local/texlive/2019/texmf-dist/tex/latex/graphics/graphicx.sty
Package: graphicx 2017/06/01 v1.1a Enhanced LaTeX Graphics (DPC,SPQR)

(/usr/local/texlive/2019/texmf-dist/tex/latex/graphics/keyval.sty
Package: keyval 2014/10/28 v1.15 key=value parser (DPC)
\KV@toks@=\toks14
)
(/usr/local/texlive/2019/texmf-dist/tex/latex/graphics/graphics.sty
Package: graphics 2017/06/25 v1.2c Standard LaTeX Graphics (DPC,SPQR)

(/usr/local/texlive/2019/texmf-dist/tex/latex/graphics/trig.sty
Package: trig 2016/01/03 v1.10 sin cos tan (DPC)
)
(/usr/local/texlive/2019/texmf-dist/tex/latex/graphics-cfg/graphics.cfg
File: graphics.cfg 2016/06/04 v1.11 sample graphics configuration
)
Package graphics Info: Driver file: pdftex.def on input line 99.

(/usr/local/texlive/2019/texmf-dist/tex/latex/graphics-def/pdftex.def
File: pdftex.def 2018/01/08 v1.0l Graphics/color driver for pdftex
))
\Gin@req@height=\dimen103
\Gin@req@width=\dimen104
)
(/usr/local/texlive/2019/texmf-dist/tex/latex/hyperref/hyperref.sty
Package: hyperref 2018/11/30 v6.88e Hypertext links for LaTeX

(/usr/local/texlive/2019/texmf-dist/tex/generic/oberdiek/hobsub-hyperref.sty
Package: hobsub-hyperref 2016/05/16 v1.14 Bundle oberdiek, subset hyperref (HO)


(/usr/local/texlive/2019/texmf-dist/tex/generic/oberdiek/hobsub-generic.sty
Package: hobsub-generic 2016/05/16 v1.14 Bundle oberdiek, subset generic (HO)
Package: hobsub 2016/05/16 v1.14 Construct package bundles (HO)
Package: infwarerr 2016/05/16 v1.4 Providing info/warning/error messages (HO)
Package: ltxcmds 2016/05/16 v1.23 LaTeX kernel commands for general use (HO)
Package: ifluatex 2016/05/16 v1.4 Provides the ifluatex switch (HO)
Package ifluatex Info: LuaTeX not detected.
Package: ifvtex 2016/05/16 v1.6 Detect VTeX and its facilities (HO)
Package ifvtex Info: VTeX not detected.
Package: intcalc 2016/05/16 v1.2 Expandable calculations with integers (HO)
Package: ifpdf 2018/09/07 v3.3 Provides the ifpdf switch
Package: etexcmds 2016/05/16 v1.6 Avoid name clashes with e-TeX commands (HO)
Package: kvsetkeys 2016/05/16 v1.17 Key value parser (HO)
Package: kvdefinekeys 2016/05/16 v1.4 Define keys (HO)
Package: pdftexcmds 2018/09/10 v0.29 Utility functions of pdfTeX for LuaTeX (HO
)
Package pdftexcmds Info: LuaTeX not detected.
Package pdftexcmds Info: \pdf@primitive is available.
Package pdftexcmds Info: \pdf@ifprimitive is available.
Package pdftexcmds Info: \pdfdraftmode found.
Package: pdfescape 2016/05/16 v1.14 Implements pdfTeX's escape features (HO)
Package: bigintcalc 2016/05/16 v1.4 Expandable calculations on big integers (HO
)
Package: bitset 2016/05/16 v1.2 Handle bit-vector datatype (HO)
Package: uniquecounter 2016/05/16 v1.3 Provide unlimited unique counter (HO)
)
Package hobsub Info: Skipping package `hobsub' (already loaded).
Package: letltxmacro 2016/05/16 v1.5 Let assignment for LaTeX macros (HO)
Package: hopatch 2016/05/16 v1.3 Wrapper for package hooks (HO)
Package: xcolor-patch 2016/05/16 xcolor patch
Package: atveryend 2016/05/16 v1.9 Hooks at the very end of document (HO)
Package atveryend Info: \enddocument detected (standard20110627).
Package: atbegshi 2016/06/09 v1.18 At begin shipout hook (HO)
Package: refcount 2016/05/16 v3.5 Data extraction from label references (HO)
Package: hycolor 2016/05/16 v1.8 Color options for hyperref/bookmark (HO)
)
(/usr/local/texlive/2019/texmf-dist/tex/generic/ifxetex/ifxetex.sty
Package: ifxetex 2010/09/12 v0.6 Provides ifxetex conditional
)
(/usr/local/texlive/2019/texmf-dist/tex/latex/oberdiek/auxhook.sty
Package: auxhook 2016/05/16 v1.4 Hooks for auxiliary files (HO)
)
(/usr/local/texlive/2019/texmf-dist/tex/latex/oberdiek/kvoptions.sty
Package: kvoptions 2016/05/16 v3.12 Key value format for package options (HO)
)
\@linkdim=\dimen105
\Hy@linkcounter=\count88
\Hy@pagecounter=\count89

(/usr/local/texlive/2019/texmf-dist/tex/latex/hyperref/pd1enc.def
File: pd1enc.def 2018/11/30 v6.88e Hyperref: PDFDocEncoding definition (HO)
Now handling font encoding PD1 ...
... no UTF-8 mapping file for font encoding PD1
)
\Hy@SavedSpaceFactor=\count90

(/usr/local/texlive/2019/texmf-dist/tex/latex/latexconfig/hyperref.cfg
File: hyperref.cfg 2002/06/06 v1.2 hyperref configuration of TeXLive
)
Package hyperref Info: Hyper figures OFF on input line 4519.
Package hyperref Info: Link nesting OFF on input line 4524.
Package hyperref Info: Hyper index ON on input line 4527.
Package hyperref Info: Plain pages OFF on input line 4534.
Package hyperref Info: Backreferencing OFF on input line 4539.
Package hyperref Info: Implicit mode ON; LaTeX internals redefined.
Package hyperref Info: Bookmarks ON on input line 4772.
\c@Hy@tempcnt=\count91

(/usr/local/texlive/2019/texmf-dist/tex/latex/url/url.sty
\Urlmuskip=\muskip10
Package: url 2013/09/16  ver 3.4  Verb mode for urls, etc.
)
LaTeX Info: Redefining \url on input line 5125.
\XeTeXLinkMargin=\dimen106
\Fld@menulength=\count92
\Field@Width=\dimen107
\Fld@charsize=\dimen108
Package hyperref Info: Hyper figures OFF on input line 6380.
Package hyperref Info: Link nesting OFF on input line 6385.
Package hyperref Info: Hyper index ON on input line 6388.
Package hyperref Info: backreferencing OFF on input line 6395.
Package hyperref Info: Link coloring OFF on input line 6400.
Package hyperref Info: Link coloring with OCG OFF on input line 6405.
Package hyperref Info: PDF/A mode OFF on input line 6410.
LaTeX Info: Redefining \ref on input line 6450.
LaTeX Info: Redefining \pageref on input line 6454.
\Hy@abspage=\count93
\c@Item=\count94
\c@Hfootnote=\count95
)
Package hyperref Info: Driver (autodetected): hpdftex.

(/usr/local/texlive/2019/texmf-dist/tex/latex/hyperref/hpdftex.def
File: hpdftex.def 2018/11/30 v6.88e Hyperref driver for pdfTeX
\Fld@listcount=\count96
\c@bookmark@seq@number=\count97

(/usr/local/texlive/2019/texmf-dist/tex/latex/oberdiek/rerunfilecheck.sty
Package: rerunfilecheck 2016/05/16 v1.8 Rerun checks for auxiliary files (HO)
Package uniquecounter Info: New unique counter `rerunfilecheck' on input line 2
82.
)
\Hy@SectionHShift=\skip43
)
(/usr/local/texlive/2019/texmf-dist/tex/latex/xcolor/xcolor.sty
Package: xcolor 2016/05/11 v2.12 LaTeX color extensions (UK)

(/usr/local/texlive/2019/texmf-dist/tex/latex/graphics-cfg/color.cfg
File: color.cfg 2016/01/02 v1.6 sample color configuration
)
Package xcolor Info: Driver file: pdftex.def on input line 225.
Package xcolor Info: Model `cmy' substituted by `cmy0' on input line 1348.
Package xcolor Info: Model `hsb' substituted by `rgb' on input line 1352.
Package xcolor Info: Model `RGB' extended on input line 1364.
Package xcolor Info: Model `HTML' substituted by `rgb' on input line 1366.
Package xcolor Info: Model `Hsb' substituted by `hsb' on input line 1367.
Package xcolor Info: Model `tHsb' substituted by `hsb' on input line 1368.
Package xcolor Info: Model `HSB' substituted by `hsb' on input line 1369.
Package xcolor Info: Model `Gray' substituted by `gray' on input line 1370.
Package xcolor Info: Model `wave' substituted by `hsb' on input line 1371.
)
(./cns1Report.aux

LaTeX Warning: Label `sec:encJava' multiply defined.

)
\openout1 = `cns1Report.aux'.

LaTeX Font Info:    Checking defaults for OML/cmm/m/it on input line 7.
LaTeX Font Info:    ... okay on input line 7.
LaTeX Font Info:    Checking defaults for T1/cmr/m/n on input line 7.
LaTeX Font Info:    ... okay on input line 7.
LaTeX Font Info:    Checking defaults for OT1/cmr/m/n on input line 7.
LaTeX Font Info:    ... okay on input line 7.
LaTeX Font Info:    Checking defaults for OMS/cmsy/m/n on input line 7.
LaTeX Font Info:    ... okay on input line 7.
LaTeX Font Info:    Checking defaults for OMX/cmex/m/n on input line 7.
LaTeX Font Info:    ... okay on input line 7.
LaTeX Font Info:    Checking defaults for U/cmr/m/n on input line 7.
LaTeX Font Info:    ... okay on input line 7.
LaTeX Font Info:    Checking defaults for PD1/pdf/m/n on input line 7.
LaTeX Font Info:    ... okay on input line 7.
 (/usr/local/texlive/2019/texmf-dist/tex/context/base/mkii/supp-pdf.mkii
[Loading MPS to PDF converter (version 2006.09.02).]
\scratchcounter=\count98
\scratchdimen=\dimen109
\scratchbox=\box27
\nofMPsegments=\count99
\nofMParguments=\count100
\everyMPshowfont=\toks15
\MPscratchCnt=\count101
\MPscratchDim=\dimen110
\MPnumerator=\count102
\makeMPintoPDFobject=\count103
\everyMPtoPDFconversion=\toks16
) (/usr/local/texlive/2019/texmf-dist/tex/latex/oberdiek/epstopdf-base.sty
Package: epstopdf-base 2016/05/15 v2.6 Base part for package epstopdf

(/usr/local/texlive/2019/texmf-dist/tex/latex/oberdiek/grfext.sty
Package: grfext 2016/05/16 v1.2 Manage graphics extensions (HO)
)
Package epstopdf-base Info: Redefining graphics rule for `.eps' on input line 4
38.
Package grfext Info: Graphics extension search list:
(grfext)             [.pdf,.png,.jpg,.mps,.jpeg,.jbig2,.jb2,.PDF,.PNG,.JPG,.JPE
G,.JBIG2,.JB2,.eps]
(grfext)             \AppendGraphicsExtensions on input line 456.

(/usr/local/texlive/2019/texmf-dist/tex/latex/latexconfig/epstopdf-sys.cfg
File: epstopdf-sys.cfg 2010/07/13 v1.3 Configuration of (r)epstopdf for TeX Liv
e
))
\AtBeginShipoutBox=\box28
Package hyperref Info: Link coloring OFF on input line 7.

(/usr/local/texlive/2019/texmf-dist/tex/latex/hyperref/nameref.sty
Package: nameref 2016/05/21 v2.44 Cross-referencing by name of section

(/usr/local/texlive/2019/texmf-dist/tex/generic/oberdiek/gettitlestring.sty
Package: gettitlestring 2016/05/16 v1.5 Cleanup title references (HO)
)
\c@section@level=\count104
)
LaTeX Info: Redefining \ref on input line 7.
LaTeX Info: Redefining \pageref on input line 7.
LaTeX Info: Redefining \nameref on input line 7.

(./cns1Report.out) (./cns1Report.out)
\@outlinefile=\write3
\openout3 = `cns1Report.out'.

\GPT@outputbox=\box29
LaTeX Font Info:    External font `cmex10' loaded for size
(Font)              <12> on input line 18.
LaTeX Font Info:    External font `cmex10' loaded for size
(Font)              <8> on input line 18.
LaTeX Font Info:    External font `cmex10' loaded for size
(Font)              <6> on input line 18.
 [1

{/usr/local/texlive/2019/texmf-var/fonts/map/pdftex/updmap/pdftex.map}] (./cns1
Report.toc
LaTeX Font Info:    External font `cmex10' loaded for size
(Font)              <7> on input line 3.
LaTeX Font Info:    External font `cmex10' loaded for size
(Font)              <5> on input line 3.
)
\tf@toc=\write4
\openout4 = `cns1Report.toc'.

pdfTeX warning (ext4): destination with the same identifier (name{page.1}) has 
been already used, duplicate ignored
<to be read again> 
                   \relax 
l.24 \begin{titlepage}
                       [1]
Underfull \hbox (badness 10000) in paragraph at lines 29--31

 []


Underfull \hbox (badness 10000) in paragraph at lines 29--31

 []


Underfull \hbox (badness 10000) in paragraph at lines 39--47

 []


Underfull \hbox (badness 10000) in paragraph at lines 39--47

 []


Underfull \hbox (badness 10000) in paragraph at lines 39--47

 []


Underfull \hbox (badness 10000) in paragraph at lines 39--47

 []


Underfull \hbox (badness 10000) in paragraph at lines 39--47

 []


Underfull \hbox (badness 10000) in paragraph at lines 49--52

 []


Underfull \hbox (badness 10000) in paragraph at lines 49--52

 []

pdfTeX warning (ext4): destination with the same identifier (name{page.1}) has 
been already used, duplicate ignored
<to be read again> 
                   \relax 
l.52 	\subsection
                 {Blowfish} [1] [2]
Underfull \hbox (badness 10000) in paragraph at lines 79--80

 []


Overfull \hbox (17.24684pt too wide) in paragraph at lines 86--86
[]\OT1/cmtt/m/n/10 byte[] iv = new byte[cipher.getBlockSize()]; // initializati
on vector[] 
 []

[3]
Overfull \hbox (17.24684pt too wide) in paragraph at lines 126--126
[]\OT1/cmtt/m/n/10 byte[] iv = new byte[cipher.getBlockSize()]; // initializati
on vector[] 
 []

[4]
<images/AbstractCipher.png, id=125, 482.80376pt x 272.01625pt>
File: images/AbstractCipher.png Graphic file (type png)
<use images/AbstractCipher.png>
Package pdftex.def Info: images/AbstractCipher.png  used on input line 156.
(pdftex.def)             Requested size: 172.5pt x 97.18695pt.
<images/AbstractKey.png, id=127, 482.80376pt x 272.01625pt>
File: images/AbstractKey.png Graphic file (type png)
<use images/AbstractKey.png>
Package pdftex.def Info: images/AbstractKey.png  used on input line 165.
(pdftex.def)             Requested size: 172.5pt x 97.18695pt.
 [5 <./images/AbstractCipher.png> <./images/AbstractKey.png>]
Overfull \hbox (32.9967pt too wide) in paragraph at lines 234--234
[]\OT1/cmtt/m/n/10 Starting AES encryption (unsafe key) in CBC mode. (AES/CBC/P
KCS5Padding)[] 
 []


Overfull \hbox (22.4968pt too wide) in paragraph at lines 234--234
[]\OT1/cmtt/m/n/10 Starting AES encryption (safe key) in CBC mode. (AES/CBC/PKC
S5Padding)[] 
 []


Overfull \hbox (32.9967pt too wide) in paragraph at lines 234--234
[]\OT1/cmtt/m/n/10 Starting AES encryption (unsafe key) in ECB mode. (AES/ECB/P
KCS5Padding)[] 
 []


Overfull \hbox (22.4968pt too wide) in paragraph at lines 234--234
[]\OT1/cmtt/m/n/10 Starting AES encryption (safe key) in ECB mode. (AES/ECB/PKC
S5Padding)[] 
 []

[6]
Overfull \hbox (32.9967pt too wide) in paragraph at lines 234--234
[]\OT1/cmtt/m/n/10 Starting DES encryption (unsafe key) in CBC mode. (DES/CBC/P
KCS5Padding)[] 
 []


Overfull \hbox (227.24501pt too wide) in paragraph at lines 272--272
[]\OT1/cmtt/m/n/10 AbstractCipher.encriptionWrapper cbc_encripted= aes_cbc.encr
ipt(PlainText.getInstance().getBytesArray(),key);[] 
 []


Overfull \hbox (122.24593pt too wide) in paragraph at lines 272--272
[]\OT1/cmtt/m/n/10 AbstractCipher.encriptionWrapper cbc_decripted = aes_cbc.dec
ript(cbc_encripted.data,key);[] 
 []


Overfull \hbox (227.24501pt too wide) in paragraph at lines 272--272
[]\OT1/cmtt/m/n/10 AbstractCipher.encriptionWrapper ecb_encripted= aes_ecb.encr
ipt(PlainText.getInstance().getBytesArray(),key);[] 
 []


Overfull \hbox (122.24593pt too wide) in paragraph at lines 272--272
[]\OT1/cmtt/m/n/10 AbstractCipher.encriptionWrapper ecb_decripted = aes_ecb.dec
ript(ecb_encripted.data,key);[] 
 []


Overfull \hbox (116.99597pt too wide) in paragraph at lines 272--272
[]\OT1/cmtt/m/n/10 double avg_encription = (cbc_encripted.elapsedSeconds + ecb_
encripted.elapsedSeconds)/2;[] 
 []


Overfull \hbox (116.99597pt too wide) in paragraph at lines 272--272
[]\OT1/cmtt/m/n/10 double avg_decription = (cbc_decripted.elapsedSeconds + ecb_
decripted.elapsedSeconds)/2;[] 
 []

[7]
Underfull \hbox (badness 10000) in paragraph at lines 274--276

 []


Underfull \hbox (badness 10000) in paragraph at lines 274--276

 []


Underfull \hbox (badness 10000) in paragraph at lines 274--276

 []


Underfull \hbox (badness 10000) in paragraph at lines 274--276

 []


Underfull \hbox (badness 10000) in paragraph at lines 274--276

 []

<images/AES_ed.png, id=146, 887.315pt x 652.4375pt>
File: images/AES_ed.png Graphic file (type png)
<use images/AES_ed.png>
Package pdftex.def Info: images/AES_ed.png  used on input line 282.
(pdftex.def)             Requested size: 345.0pt x 253.67308pt.

LaTeX Warning: `h' float specifier changed to `ht'.

<images/AES(big).png, id=147, 1099.10625pt x 808.01875pt>
File: images/AES(big).png Graphic file (type png)
<use images/AES(big).png>
Package pdftex.def Info: images/AES(big).png  used on input line 288.
(pdftex.def)             Requested size: 345.0pt x 253.62721pt.

LaTeX Warning: `h' float specifier changed to `ht'.

<images/DES_ed.png, id=148, 887.315pt x 652.4375pt>
File: images/DES_ed.png Graphic file (type png)
<use images/DES_ed.png>
Package pdftex.def Info: images/DES_ed.png  used on input line 294.
(pdftex.def)             Requested size: 345.0pt x 253.67308pt.

LaTeX Warning: `h' float specifier changed to `ht'.

<images/DES(big).png, id=149, 1099.10625pt x 808.01875pt>
File: images/DES(big).png Graphic file (type png)
<use images/DES(big).png>
Package pdftex.def Info: images/DES(big).png  used on input line 300.
(pdftex.def)             Requested size: 345.0pt x 253.62721pt.

LaTeX Warning: `h' float specifier changed to `ht'.

<images/Blowfish.png, id=150, 887.315pt x 652.4375pt>
File: images/Blowfish.png Graphic file (type png)
<use images/Blowfish.png>
Package pdftex.def Info: images/Blowfish.png  used on input line 306.
(pdftex.def)             Requested size: 345.0pt x 253.67308pt.

LaTeX Warning: `h' float specifier changed to `ht'.

<images/Blowfish(big).png, id=151, 1099.10625pt x 808.01875pt>
File: images/Blowfish(big).png Graphic file (type png)
<use images/Blowfish(big).png>
Package pdftex.def Info: images/Blowfish(big).png  used on input line 312.
(pdftex.def)             Requested size: 345.0pt x 253.62721pt.

LaTeX Warning: `h' float specifier changed to `ht'.

<images/RC2.png, id=152, 887.315pt x 652.4375pt>
File: images/RC2.png Graphic file (type png)
<use images/RC2.png>
Package pdftex.def Info: images/RC2.png  used on input line 318.
(pdftex.def)             Requested size: 345.0pt x 253.67308pt.

LaTeX Warning: `h' float specifier changed to `ht'.

<images/RC2(big).png, id=153, 1099.10625pt x 808.01875pt>
File: images/RC2(big).png Graphic file (type png)
<use images/RC2(big).png>
Package pdftex.def Info: images/RC2(big).png  used on input line 324.
(pdftex.def)             Requested size: 345.0pt x 253.62721pt.

LaTeX Warning: `h' float specifier changed to `ht'.

[8] [9 <./images/AES_ed.png (PNG copy)>] [10 <./images/AES(big).png (PNG copy)>
] [11 <./images/DES_ed.png (PNG copy)>] [12 <./images/DES(big).png (PNG copy)>]
[13 <./images/Blowfish.png (PNG copy)>] [14 <./images/Blowfish(big).png (PNG co
py)>] [15 <./images/RC2.png (PNG copy)>] [16 <./images/RC2(big).png (PNG copy)>
]
Underfull \hbox (badness 10000) in paragraph at lines 331--333

 []


Underfull \hbox (badness 10000) in paragraph at lines 334--337

 []


Underfull \hbox (badness 10000) in paragraph at lines 338--340

 []


Underfull \hbox (badness 10000) in paragraph at lines 341--342

 []


Overfull \hbox (19.58092pt too wide) in paragraph at lines 348--349
\OT1/cmr/m/n/10 Java Ci-pher class []$\OT1/cmtt/m/n/10 https : / / docs . oracl
e . com / javase / 7 / docs / api / javax / crypto /
 []

Package atveryend Info: Empty hook `BeforeClearDocument' on input line 352.
[17

]
Package atveryend Info: Empty hook `AfterLastShipout' on input line 352.
 (./cns1Report.aux)
Package atveryend Info: Executing hook `AtVeryEndDocument' on input line 352.
Package atveryend Info: Executing hook `AtEndAfterFileList' on input line 352.


Package rerunfilecheck Warning: File `cns1Report.out' has changed.
(rerunfilecheck)                Rerun to get outlines right
(rerunfilecheck)                or use package `bookmark'.

Package rerunfilecheck Info: Checksums for `cns1Report.out':
(rerunfilecheck)             Before: 1FFA8FC072F95340C0A01746709E79C7;1005
(rerunfilecheck)             After:  1F64C44D987BC398A2F088124DF10EEA;1051.

LaTeX Warning: There were multiply-defined labels.

Package atveryend Info: Empty hook `AtVeryVeryEnd' on input line 352.
 ) 
Here is how much of TeX's memory you used:
 5553 strings out of 492616
 81365 string characters out of 6129480
 179669 words of memory out of 5000000
 9395 multiletter control sequences out of 15000+600000
 8063 words of font info for 29 fonts, out of 8000000 for 9000
 1141 hyphenation exceptions out of 8191
 28i,6n,35p,731b,445s stack positions out of 5000i,500n,10000p,200000b,80000s
</usr/local/texlive/2019/texmf-dist/fonts/type1/public/amsfonts/cm/cmbx10.pfb
></usr/local/texlive/2019/texmf-dist/fonts/type1/public/amsfonts/cm/cmbx12.pfb>
</usr/local/texlive/2019/texmf-dist/fonts/type1/public/amsfonts/cm/cmr10.pfb></
usr/local/texlive/2019/texmf-dist/fonts/type1/public/amsfonts/cm/cmr12.pfb></us
r/local/texlive/2019/texmf-dist/fonts/type1/public/amsfonts/cm/cmr17.pfb></usr/
local/texlive/2019/texmf-dist/fonts/type1/public/amsfonts/cm/cmr7.pfb></usr/loc
al/texlive/2019/texmf-dist/fonts/type1/public/amsfonts/cm/cmtt10.pfb>
Output written on cns1Report.pdf (19 pages, 334162 bytes).
PDF statistics:
 245 PDF objects out of 1000 (max. 8388607)
 202 compressed objects within 3 object streams
 48 named destinations out of 1000 (max. 500000)
 195 words of extra memory for PDF output out of 10000 (max. 10000000)

