This is pdfTeX, Version 3.14159265-2.6-1.40.20 (TeX Live 2019) (preloaded format=pdflatex 2019.10.27)  28 NOV 2019 23:41
entering extended mode
 restricted \write18 enabled.
 file:line:error style messages enabled.
 %&-line parsing enabled.
**CNS4.tex
(./CNS4.tex
LaTeX2e <2018-12-01>
(/usr/local/texlive/2019/texmf-dist/tex/latex/base/article.cls
Document Class: article 2018/09/03 v1.4i Standard LaTeX document class
(/usr/local/texlive/2019/texmf-dist/tex/latex/base/size10.clo
File: size10.clo 2018/09/03 v1.4i Standard LaTeX file (size option)
)
\c@part=\count80
\c@section=\count81
\c@subsection=\count82
\c@subsubsection=\count83
\c@paragraph=\count84
\c@subparagraph=\count85
\c@figure=\count86
\c@table=\count87
\abovecaptionskip=\skip41
\belowcaptionskip=\skip42
\bibindent=\dimen102
)
(/usr/local/texlive/2019/texmf-dist/tex/latex/graphics/graphicx.sty
Package: graphicx 2017/06/01 v1.1a Enhanced LaTeX Graphics (DPC,SPQR)

(/usr/local/texlive/2019/texmf-dist/tex/latex/graphics/keyval.sty
Package: keyval 2014/10/28 v1.15 key=value parser (DPC)
\KV@toks@=\toks14
)
(/usr/local/texlive/2019/texmf-dist/tex/latex/graphics/graphics.sty
Package: graphics 2017/06/25 v1.2c Standard LaTeX Graphics (DPC,SPQR)

(/usr/local/texlive/2019/texmf-dist/tex/latex/graphics/trig.sty
Package: trig 2016/01/03 v1.10 sin cos tan (DPC)
)
(/usr/local/texlive/2019/texmf-dist/tex/latex/graphics-cfg/graphics.cfg
File: graphics.cfg 2016/06/04 v1.11 sample graphics configuration
)
Package graphics Info: Driver file: pdftex.def on input line 99.

(/usr/local/texlive/2019/texmf-dist/tex/latex/graphics-def/pdftex.def
File: pdftex.def 2018/01/08 v1.0l Graphics/color driver for pdftex
))
\Gin@req@height=\dimen103
\Gin@req@width=\dimen104
)
(./CNS4.aux)
\openout1 = `CNS4.aux'.

LaTeX Font Info:    Checking defaults for OML/cmm/m/it on input line 5.
LaTeX Font Info:    ... okay on input line 5.
LaTeX Font Info:    Checking defaults for T1/cmr/m/n on input line 5.
LaTeX Font Info:    ... okay on input line 5.
LaTeX Font Info:    Checking defaults for OT1/cmr/m/n on input line 5.
LaTeX Font Info:    ... okay on input line 5.
LaTeX Font Info:    Checking defaults for OMS/cmsy/m/n on input line 5.
LaTeX Font Info:    ... okay on input line 5.
LaTeX Font Info:    Checking defaults for OMX/cmex/m/n on input line 5.
LaTeX Font Info:    ... okay on input line 5.
LaTeX Font Info:    Checking defaults for U/cmr/m/n on input line 5.
LaTeX Font Info:    ... okay on input line 5.

(/usr/local/texlive/2019/texmf-dist/tex/context/base/mkii/supp-pdf.mkii
[Loading MPS to PDF converter (version 2006.09.02).]
\scratchcounter=\count88
\scratchdimen=\dimen105
\scratchbox=\box27
\nofMPsegments=\count89
\nofMParguments=\count90
\everyMPshowfont=\toks15
\MPscratchCnt=\count91
\MPscratchDim=\dimen106
\MPnumerator=\count92
\makeMPintoPDFobject=\count93
\everyMPtoPDFconversion=\toks16
) (/usr/local/texlive/2019/texmf-dist/tex/latex/oberdiek/epstopdf-base.sty
Package: epstopdf-base 2016/05/15 v2.6 Base part for package epstopdf

(/usr/local/texlive/2019/texmf-dist/tex/generic/oberdiek/infwarerr.sty
Package: infwarerr 2016/05/16 v1.4 Providing info/warning/error messages (HO)
)
(/usr/local/texlive/2019/texmf-dist/tex/latex/oberdiek/grfext.sty
Package: grfext 2016/05/16 v1.2 Manage graphics extensions (HO)

(/usr/local/texlive/2019/texmf-dist/tex/generic/oberdiek/kvdefinekeys.sty
Package: kvdefinekeys 2016/05/16 v1.4 Define keys (HO)

(/usr/local/texlive/2019/texmf-dist/tex/generic/oberdiek/ltxcmds.sty
Package: ltxcmds 2016/05/16 v1.23 LaTeX kernel commands for general use (HO)
)))
(/usr/local/texlive/2019/texmf-dist/tex/latex/oberdiek/kvoptions.sty
Package: kvoptions 2016/05/16 v3.12 Key value format for package options (HO)

(/usr/local/texlive/2019/texmf-dist/tex/generic/oberdiek/kvsetkeys.sty
Package: kvsetkeys 2016/05/16 v1.17 Key value parser (HO)

(/usr/local/texlive/2019/texmf-dist/tex/generic/oberdiek/etexcmds.sty
Package: etexcmds 2016/05/16 v1.6 Avoid name clashes with e-TeX commands (HO)

(/usr/local/texlive/2019/texmf-dist/tex/generic/oberdiek/ifluatex.sty
Package: ifluatex 2016/05/16 v1.4 Provides the ifluatex switch (HO)
Package ifluatex Info: LuaTeX not detected.
))))
(/usr/local/texlive/2019/texmf-dist/tex/generic/oberdiek/pdftexcmds.sty
Package: pdftexcmds 2018/09/10 v0.29 Utility functions of pdfTeX for LuaTeX (HO
)

(/usr/local/texlive/2019/texmf-dist/tex/generic/oberdiek/ifpdf.sty
Package: ifpdf 2018/09/07 v3.3 Provides the ifpdf switch
)
Package pdftexcmds Info: LuaTeX not detected.
Package pdftexcmds Info: \pdf@primitive is available.
Package pdftexcmds Info: \pdf@ifprimitive is available.
Package pdftexcmds Info: \pdfdraftmode found.
)
Package epstopdf-base Info: Redefining graphics rule for `.eps' on input line 4
38.
Package grfext Info: Graphics extension search list:
(grfext)             [.pdf,.png,.jpg,.mps,.jpeg,.jbig2,.jb2,.PDF,.PNG,.JPG,.JPE
G,.JBIG2,.JB2,.eps]
(grfext)             \AppendGraphicsExtensions on input line 456.

(/usr/local/texlive/2019/texmf-dist/tex/latex/latexconfig/epstopdf-sys.cfg
File: epstopdf-sys.cfg 2010/07/13 v1.3 Configuration of (r)epstopdf for TeX Liv
e
))
LaTeX Font Info:    External font `cmex10' loaded for size
(Font)              <12> on input line 14.
LaTeX Font Info:    External font `cmex10' loaded for size
(Font)              <8> on input line 14.
LaTeX Font Info:    External font `cmex10' loaded for size
(Font)              <6> on input line 14.

[1

{/usr/local/texlive/2019/texmf-var/fonts/map/pdftex/updmap/pdftex.map}]
(./CNS4.toc
LaTeX Font Info:    External font `cmex10' loaded for size
(Font)              <7> on input line 3.
LaTeX Font Info:    External font `cmex10' loaded for size
(Font)              <5> on input line 3.
)
\tf@toc=\write3
\openout3 = `CNS4.toc'.

 [1]
Underfull \hbox (badness 10000) in paragraph at lines 32--33

 []

LaTeX Font Info:    Try loading font information for OMS+cmr on input line 35.
(/usr/local/texlive/2019/texmf-dist/tex/latex/base/omscmr.fd
File: omscmr.fd 2014/09/29 v2.5h Standard LaTeX font definitions
)
LaTeX Font Info:    Font shape `OMS/cmr/m/n' in size <10> not available
(Font)              Font shape `OMS/cmsy/m/n' tried instead on input line 35.

Underfull \hbox (badness 10000) in paragraph at lines 35--37

 []


Underfull \hbox (badness 10000) in paragraph at lines 37--40

 []


Underfull \hbox (badness 10000) in paragraph at lines 40--42

 []

[1]
Overfull \hbox (31.74696pt too wide) in paragraph at lines 46--46
 []\OT1/cmtt/m/n/10 MessageDigest messageDigest = MessageDigest.getInstance("SH
A-256");[] 
 []


Underfull \hbox (badness 10000) in paragraph at lines 51--53

 []


Underfull \hbox (badness 10000) in paragraph at lines 55--57

 []


Overfull \hbox (63.24669pt too wide) in paragraph at lines 58--58
 []\OT1/cmtt/m/n/10 PaddedBufferedBlockCipher( new CBCBlockCipher(new AESEngine
()), padding);[] 
 []


Underfull \hbox (badness 10000) in paragraph at lines 59--61

 []


Overfull \hbox (15.9971pt too wide) in paragraph at lines 69--69
 [] \OT1/cmtt/m/n/10 PBEKeySpec pbeKeySpec = new PBEKeySpec(password.toCharArra
y(),t[] 
 []


Overfull \hbox (47.49683pt too wide) in paragraph at lines 69--69
 []\OT1/cmtt/m/n/10 SecretKeySpec secretKey = new SecretKeySpec(keyFactory.gene
rateSecret([] 
 []


Underfull \hbox (badness 10000) in paragraph at lines 71--73

 []

[2]
Overfull \hbox (52.74678pt too wide) in paragraph at lines 77--77
 []     \OT1/cmtt/m/n/10 KDFCounterBytesGenerator kdf = new KDFCounterBytesGene
rator(cmac);[] 
 []


Underfull \hbox (badness 10000) in paragraph at lines 89--91

 []


Underfull \hbox (badness 10000) in paragraph at lines 89--91

 []


Overfull \hbox (52.74678pt too wide) in paragraph at lines 101--101
 []\OT1/cmtt/m/n/10 >>> obj = AES.new('This is a key123', AES.MODE_CBC, 'This i
s an IV456')[] 
 []


Overfull \hbox (57.99673pt too wide) in paragraph at lines 101--101
 []\OT1/cmtt/m/n/10 >>> obj2 = AES.new('This is a key123', AES.MODE_CBC, 'This 
is an IV456')[] 
 []


Underfull \hbox (badness 10000) in paragraph at lines 103--105

 []

[3]
Underfull \hbox (badness 10000) in paragraph at lines 112--114

 []


Overfull \hbox (15.9971pt too wide) in paragraph at lines 128--128
 []        \OT1/cmtt/m/n/10 verified_hmac = self.verify_hmac((iv+cipher_text), 
hmac)[] 
 []


Overfull \hbox (68.49664pt too wide) in paragraph at lines 128--128
 []            \OT1/cmtt/m/n/10 cipher = AES.new(self.key, AES.MODE_CBC, iv, se
gment_size=128)[] 
 []


Underfull \hbox (badness 10000) in paragraph at lines 136--138

 []


Underfull \hbox (badness 10000) in paragraph at lines 136--138

 []


Overfull \hbox (78.99655pt too wide) in paragraph at lines 150--150
 []\OT1/cmtt/m/n/10 from cryptography.hazmat.primitives.ciphers import Cipher, 
algorithms, modes[] 
 []


Overfull \hbox (36.99692pt too wide) in paragraph at lines 150--150
 []\OT1/cmtt/m/n/10 cipher = Cipher(algorithms.AES(key), modes.CBC(iv), backend
=backend)[] 
 []


Overfull \hbox (21.24706pt too wide) in paragraph at lines 150--150
 []\OT1/cmtt/m/n/10 ct = encryptor.update(b"a secret message") + encryptor.fina
lize()[] 
 []

[4]
Underfull \hbox (badness 10000) in paragraph at lines 152--155

 []


Overfull \hbox (3.16643pt too wide) in paragraph at lines 152--155
\OT1/cmr/m/n/10 plete en-cryp-tion suit by sim-ply us-ing the [][]\OT1/cmtt/m/n
/10 os.urandom(NBIT)[]\OT1/cmr/m/n/10 instruction)|,
 []


Underfull \hbox (badness 10000) in paragraph at lines 164--166

 []


Overfull \hbox (10.74715pt too wide) in paragraph at lines 173--173
 [] \OT1/cmtt/m/n/10 h = hmac.HMAC(key, hashes.SHA256(), backend=default_backen
d())[] 
 []


Overfull \hbox (0.63847pt too wide) in paragraph at lines 178--180
\OT1/cmr/m/n/10 Talking about JAVA , the com-pat-i-bil-ity be-tween Bouncy Cas-
tle and javax.Cripto
 []


Overfull \hbox (1.49698pt too wide) in paragraph at lines 183--191
[][]\OT1/cmtt/m/n/10 https://docs.oracle.com/javase/7/docs/api/javax/crypto/Cip
her.html 
 []


Underfull \hbox (badness 10000) in paragraph at lines 183--191

 []


Underfull \hbox (badness 10000) in paragraph at lines 183--191

 []


Underfull \hbox (badness 10000) in paragraph at lines 183--191

 []


Overfull \hbox (38.24666pt too wide) in paragraph at lines 183--191
[][]\OT1/cmtt/m/n/10 https://cryptography.io/en/latest/hazmat/primitives/crypto
graphic-hashes/ 
 []


Underfull \hbox (badness 10000) in paragraph at lines 183--191

 []

[5] [6] (./CNS4.aux) ) 
Here is how much of TeX's memory you used:
 1459 strings out of 492616
 21112 string characters out of 6129480
 86269 words of memory out of 5000000
 5381 multiletter control sequences out of 15000+600000
 8409 words of font info for 30 fonts, out of 8000000 for 9000
 1141 hyphenation exceptions out of 8191
 41i,6n,25p,562b,312s stack positions out of 5000i,500n,10000p,200000b,80000s
</usr/local/texlive/2019/texmf-dist/fonts/type1/public/am
sfonts/cm/cmbx10.pfb></usr/local/texlive/2019/texmf-dist/fonts/type1/public/ams
fonts/cm/cmbx12.pfb></usr/local/texlive/2019/texmf-dist/fonts/type1/public/amsf
onts/cm/cmr10.pfb></usr/local/texlive/2019/texmf-dist/fonts/type1/public/amsfon
ts/cm/cmr12.pfb></usr/local/texlive/2019/texmf-dist/fonts/type1/public/amsfonts
/cm/cmr17.pfb></usr/local/texlive/2019/texmf-dist/fonts/type1/public/amsfonts/c
m/cmsy10.pfb></usr/local/texlive/2019/texmf-dist/fonts/type1/public/amsfonts/cm
/cmti10.pfb></usr/local/texlive/2019/texmf-dist/fonts/type1/public/amsfonts/cm/
cmtt10.pfb>
Output written on CNS4.pdf (8 pages, 127044 bytes).
PDF statistics:
 63 PDF objects out of 1000 (max. 8388607)
 44 compressed objects within 1 object stream
 0 named destinations out of 1000 (max. 500000)
 1 words of extra memory for PDF output out of 10000 (max. 10000000)

